<html>
<head>
<title>TestNG:  TestingPackage_testngtutorials</title>
<link href="../testng.css" rel="stylesheet" type="text/css" />
<link href="../my-testng.css" rel="stylesheet" type="text/css" />

<style type="text/css">
.log { display: none;} 
.stack-trace { display: none;} 
</style>
<script type="text/javascript">
<!--
function flip(e) {
  current = e.style.display;
  if (current == 'block') {
    e.style.display = 'none';
    return 0;
  }
  else {
    e.style.display = 'block';
    return 1;
  }
}

function toggleBox(szDivId, elem, msg1, msg2)
{
  var res = -1;  if (document.getElementById) {
    res = flip(document.getElementById(szDivId));
  }
  else if (document.all) {
    // this is the way old msie versions work
    res = flip(document.all[szDivId]);
  }
  if(elem) {
    if(res == 0) elem.innerHTML = msg1; else elem.innerHTML = msg2;
  }

}

function toggleAllBoxes() {
  if (document.getElementsByTagName) {
    d = document.getElementsByTagName('div');
    for (i = 0; i < d.length; i++) {
      if (d[i].className == 'log') {
        flip(d[i]);
      }
    }
  }
}

// -->
</script>

</head>
<body>
<h2 align='center'>TestingPackage_testngtutorials</h2><table border='1' align="center">
<tr>
<td>Tests passed/Failed/Skipped:</td><td>23/1/3</td>
</tr><tr>
<td>Started on:</td><td>Thu Aug 26 21:35:30 IST 2021</td>
</tr>
<tr><td>Total time:</td><td>0 seconds (183 ms)</td>
</tr><tr>
<td>Included groups:</td><td></td>
</tr><tr>
<td>Excluded groups:</td><td></td>
</tr>
</table><p/>
<small><i>(Hover the method name to see the test class name)</i></small><p/>
<table width='100%' border='1' class='invocation-failed'>
<tr><td colspan='4' align='center'><b>FAILED TESTS</b></td></tr>
<tr><td><b>Test method</b></td>
<td width="30%"><b>Exception</b></td>
<td width="10%"><b>Time (seconds)</b></td>
<td><b>Instance</b></td>
</tr>
<tr>
<td title='com.volvo.testngtutorials.Testng_Ex5.loginTest()'><b>loginTest</b><br>Test class: com.volvo.testngtutorials.Testng_Ex5</td>
<td><div><pre>java.lang.ArithmeticException: / by zero
	at com.volvo.testngtutorials.Testng_Ex5.loginTest(Testng_Ex5.java:11)
... Removed 25 stack frames</pre></div><a href='#' onClick='toggleBox("stack-trace1675763772", this, "Click to show all stack frames", "Click to hide stack frames")'>Click to show all stack frames</a>
<div class='stack-trace' id='stack-trace1675763772'><pre>java.lang.ArithmeticException: / by zero
	at com.volvo.testngtutorials.Testng_Ex5.loginTest(Testng_Ex5.java:11)
	at sun.reflect.NativeMethodAccessorImpl.invoke0(Native Method)
	at sun.reflect.NativeMethodAccessorImpl.invoke(NativeMethodAccessorImpl.java:62)
	at sun.reflect.DelegatingMethodAccessorImpl.invoke(DelegatingMethodAccessorImpl.java:43)
	at java.lang.reflect.Method.invoke(Method.java:498)
	at org.testng.internal.MethodInvocationHelper.invokeMethod(MethodInvocationHelper.java:100)
	at org.testng.internal.Invoker.invokeMethod(Invoker.java:646)
	at org.testng.internal.Invoker.invokeTestMethod(Invoker.java:811)
	at org.testng.internal.Invoker.invokeTestMethods(Invoker.java:1137)
	at org.testng.internal.TestMethodWorker.invokeTestMethods(TestMethodWorker.java:129)
	at org.testng.internal.TestMethodWorker.run(TestMethodWorker.java:112)
	at org.testng.TestRunner.privateRun(TestRunner.java:753)
	at org.testng.TestRunner.run(TestRunner.java:607)
	at org.testng.SuiteRunner.runTest(SuiteRunner.java:368)
	at org.testng.SuiteRunner.runSequentially(SuiteRunner.java:363)
	at org.testng.SuiteRunner.privateRun(SuiteRunner.java:321)
	at org.testng.SuiteRunner.run(SuiteRunner.java:270)
	at org.testng.SuiteRunnerWorker.runSuite(SuiteRunnerWorker.java:52)
	at org.testng.SuiteRunnerWorker.run(SuiteRunnerWorker.java:86)
	at org.testng.TestNG.runSuitesSequentially(TestNG.java:1284)
	at org.testng.TestNG.runSuitesLocally(TestNG.java:1209)
	at org.testng.TestNG.runSuites(TestNG.java:1124)
	at org.testng.TestNG.run(TestNG.java:1096)
	at org.testng.remote.AbstractRemoteTestNG.run(AbstractRemoteTestNG.java:132)
	at org.testng.remote.RemoteTestNG.initAndRun(RemoteTestNG.java:236)
	at org.testng.remote.RemoteTestNG.main(RemoteTestNG.java:81)
</pre></div></td>
<td>0</td>
<td>com.volvo.testngtutorials.Testng_Ex5@4883b407</td></tr>
</table><p>
<table width='100%' border='1' class='invocation-passed'>
<tr><td colspan='4' align='center'><b>PASSED TESTS</b></td></tr>
<tr><td><b>Test method</b></td>
<td width="30%"><b>Exception</b></td>
<td width="10%"><b>Time (seconds)</b></td>
<td><b>Instance</b></td>
</tr>
<tr>
<td title='com.volvo.testngtutorials.Testng_Ex3.ball()'><b>ball</b><br>Test class: com.volvo.testngtutorials.Testng_Ex3<br>Test method: This tc is used to read</td>
<td></td>
<td>0</td>
<td>com.volvo.testngtutorials.Testng_Ex3@6093dd95</td></tr>
<tr>
<td title='com.volvo.testngtutorials.Testng_Ex1.checkout()'><b>checkout</b><br>Test class: com.volvo.testngtutorials.Testng_Ex1</td>
<td></td>
<td>0</td>
<td>com.volvo.testngtutorials.Testng_Ex1@7cd62f43</td></tr>
<tr>
<td title='com.volvo.testngtutorials.Testng_Ex3.checkout()'><b>checkout</b><br>Test class: com.volvo.testngtutorials.Testng_Ex3<br>Test method: This tc is used to checkout</td>
<td></td>
<td>0</td>
<td>com.volvo.testngtutorials.Testng_Ex3@6093dd95</td></tr>
<tr>
<td title='com.volvo.testngtutorials.Testng_Ex2.checkout()'><b>checkout</b><br>Test class: com.volvo.testngtutorials.Testng_Ex2<br>Test method: This tc is used to checkout</td>
<td></td>
<td>0</td>
<td>com.volvo.testngtutorials.Testng_Ex2@6d4b1c02</td></tr>
<tr>
<td title='com.volvo.testngtutorials.Testng_Ex1.login()'><b>login</b><br>Test class: com.volvo.testngtutorials.Testng_Ex1</td>
<td></td>
<td>0</td>
<td>com.volvo.testngtutorials.Testng_Ex1@7cd62f43</td></tr>
<tr>
<td title='com.volvo.testngtutorials.Testng_Ex2.login()'><b>login</b><br>Test class: com.volvo.testngtutorials.Testng_Ex2<br>Test method: This tc is used to login to application</td>
<td></td>
<td>0</td>
<td>com.volvo.testngtutorials.Testng_Ex2@6d4b1c02</td></tr>
<tr>
<td title='com.volvo.testngtutorials.Testng_Ex3.login()'><b>login</b><br>Test class: com.volvo.testngtutorials.Testng_Ex3<br>Test method: This tc is used to login to application</td>
<td></td>
<td>0</td>
<td>com.volvo.testngtutorials.Testng_Ex3@6093dd95</td></tr>
<tr>
<td title='com.volvo.testngtutorials.Testng_Ex6_InvocationCount.loginTest()'><b>loginTest</b><br>Test class: com.volvo.testngtutorials.Testng_Ex6_InvocationCount</td>
<td></td>
<td>0</td>
<td>com.volvo.testngtutorials.Testng_Ex6_InvocationCount@39c0f4a</td></tr>
<tr>
<td title='com.volvo.testngtutorials.Testng_Ex1.selectItem()'><b>selectItem</b><br>Test class: com.volvo.testngtutorials.Testng_Ex1</td>
<td></td>
<td>0</td>
<td>com.volvo.testngtutorials.Testng_Ex1@7cd62f43</td></tr>
<tr>
<td title='com.volvo.testngtutorials.Testng_Ex3.selectItem()'><b>selectItem</b><br>Test class: com.volvo.testngtutorials.Testng_Ex3<br>Test method: This tc is used to select the item</td>
<td></td>
<td>0</td>
<td>com.volvo.testngtutorials.Testng_Ex3@6093dd95</td></tr>
<tr>
<td title='com.volvo.testngtutorials.Testng_Ex2.selectItem()'><b>selectItem</b><br>Test class: com.volvo.testngtutorials.Testng_Ex2<br>Test method: This tc is used to select the item</td>
<td></td>
<td>0</td>
<td>com.volvo.testngtutorials.Testng_Ex2@6d4b1c02</td></tr>
<tr>
<td title='com.volvo.testngtutorials.Testng_Ex6_InvocationCount.sum()'><b>sum</b><br>Test class: com.volvo.testngtutorials.Testng_Ex6_InvocationCount</td>
<td></td>
<td>0</td>
<td>com.volvo.testngtutorials.Testng_Ex6_InvocationCount@39c0f4a</td></tr>
<tr>
<td title='com.volvo.testngtutorials.Testng_Ex6_InvocationCount.sum()'><b>sum</b><br>Test class: com.volvo.testngtutorials.Testng_Ex6_InvocationCount</td>
<td></td>
<td>0</td>
<td>com.volvo.testngtutorials.Testng_Ex6_InvocationCount@39c0f4a</td></tr>
<tr>
<td title='com.volvo.testngtutorials.Testng_Ex6_InvocationCount.sum()'><b>sum</b><br>Test class: com.volvo.testngtutorials.Testng_Ex6_InvocationCount</td>
<td></td>
<td>0</td>
<td>com.volvo.testngtutorials.Testng_Ex6_InvocationCount@39c0f4a</td></tr>
<tr>
<td title='com.volvo.testngtutorials.Testng_Ex6_InvocationCount.sum()'><b>sum</b><br>Test class: com.volvo.testngtutorials.Testng_Ex6_InvocationCount</td>
<td></td>
<td>0</td>
<td>com.volvo.testngtutorials.Testng_Ex6_InvocationCount@39c0f4a</td></tr>
<tr>
<td title='com.volvo.testngtutorials.Testng_Ex6_InvocationCount.sum()'><b>sum</b><br>Test class: com.volvo.testngtutorials.Testng_Ex6_InvocationCount</td>
<td></td>
<td>0</td>
<td>com.volvo.testngtutorials.Testng_Ex6_InvocationCount@39c0f4a</td></tr>
<tr>
<td title='com.volvo.testngtutorials.Testng_Ex6_InvocationCount.sum()'><b>sum</b><br>Test class: com.volvo.testngtutorials.Testng_Ex6_InvocationCount</td>
<td></td>
<td>0</td>
<td>com.volvo.testngtutorials.Testng_Ex6_InvocationCount@39c0f4a</td></tr>
<tr>
<td title='com.volvo.testngtutorials.Testng_Ex6_InvocationCount.sum()'><b>sum</b><br>Test class: com.volvo.testngtutorials.Testng_Ex6_InvocationCount</td>
<td></td>
<td>0</td>
<td>com.volvo.testngtutorials.Testng_Ex6_InvocationCount@39c0f4a</td></tr>
<tr>
<td title='com.volvo.testngtutorials.Testng_Ex6_InvocationCount.sum()'><b>sum</b><br>Test class: com.volvo.testngtutorials.Testng_Ex6_InvocationCount</td>
<td></td>
<td>0</td>
<td>com.volvo.testngtutorials.Testng_Ex6_InvocationCount@39c0f4a</td></tr>
<tr>
<td title='com.volvo.testngtutorials.Testng_Ex6_InvocationCount.sum()'><b>sum</b><br>Test class: com.volvo.testngtutorials.Testng_Ex6_InvocationCount</td>
<td></td>
<td>0</td>
<td>com.volvo.testngtutorials.Testng_Ex6_InvocationCount@39c0f4a</td></tr>
<tr>
<td title='com.volvo.testngtutorials.Testng_Ex6_InvocationCount.sum()'><b>sum</b><br>Test class: com.volvo.testngtutorials.Testng_Ex6_InvocationCount</td>
<td></td>
<td>0</td>
<td>com.volvo.testngtutorials.Testng_Ex6_InvocationCount@39c0f4a</td></tr>
<tr>
<td title='com.volvo.testngtutorials.Testng_Ex7_Exceptions.test1()'><b>test1</b><br>Test class: com.volvo.testngtutorials.Testng_Ex7_Exceptions</td>
<td><div><pre>java.lang.NumberFormatException: For input string: &quot;110L&quot;
	at java.lang.NumberFormatException.forInputString(NumberFormatException.java:65)
	at java.lang.Integer.parseInt(Integer.java:580)
	at java.lang.Integer.parseInt(Integer.java:615)
	at com.volvo.testngtutorials.Testng_Ex7_Exceptions.test1(Testng_Ex7_Exceptions.java:19)
... Removed 25 stack frames</pre></div><a href='#' onClick='toggleBox("stack-trace2042495840", this, "Click to show all stack frames", "Click to hide stack frames")'>Click to show all stack frames</a>
<div class='stack-trace' id='stack-trace2042495840'><pre>java.lang.NumberFormatException: For input string: &quot;110L&quot;
	at java.lang.NumberFormatException.forInputString(NumberFormatException.java:65)
	at java.lang.Integer.parseInt(Integer.java:580)
	at java.lang.Integer.parseInt(Integer.java:615)
	at com.volvo.testngtutorials.Testng_Ex7_Exceptions.test1(Testng_Ex7_Exceptions.java:19)
	at sun.reflect.NativeMethodAccessorImpl.invoke0(Native Method)
	at sun.reflect.NativeMethodAccessorImpl.invoke(NativeMethodAccessorImpl.java:62)
	at sun.reflect.DelegatingMethodAccessorImpl.invoke(DelegatingMethodAccessorImpl.java:43)
	at java.lang.reflect.Method.invoke(Method.java:498)
	at org.testng.internal.MethodInvocationHelper.invokeMethod(MethodInvocationHelper.java:100)
	at org.testng.internal.Invoker.invokeMethod(Invoker.java:646)
	at org.testng.internal.Invoker.invokeTestMethod(Invoker.java:811)
	at org.testng.internal.Invoker.invokeTestMethods(Invoker.java:1137)
	at org.testng.internal.TestMethodWorker.invokeTestMethods(TestMethodWorker.java:129)
	at org.testng.internal.TestMethodWorker.run(TestMethodWorker.java:112)
	at org.testng.TestRunner.privateRun(TestRunner.java:753)
	at org.testng.TestRunner.run(TestRunner.java:607)
	at org.testng.SuiteRunner.runTest(SuiteRunner.java:368)
	at org.testng.SuiteRunner.runSequentially(SuiteRunner.java:363)
	at org.testng.SuiteRunner.privateRun(SuiteRunner.java:321)
	at org.testng.SuiteRunner.run(SuiteRunner.java:270)
	at org.testng.SuiteRunnerWorker.runSuite(SuiteRunnerWorker.java:52)
	at org.testng.SuiteRunnerWorker.run(SuiteRunnerWorker.java:86)
	at org.testng.TestNG.runSuitesSequentially(TestNG.java:1284)
	at org.testng.TestNG.runSuitesLocally(TestNG.java:1209)
	at org.testng.TestNG.runSuites(TestNG.java:1124)
	at org.testng.TestNG.run(TestNG.java:1096)
	at org.testng.remote.AbstractRemoteTestNG.run(AbstractRemoteTestNG.java:132)
	at org.testng.remote.RemoteTestNG.initAndRun(RemoteTestNG.java:236)
	at org.testng.remote.RemoteTestNG.main(RemoteTestNG.java:81)
</pre></div></td>
<td>0</td>
<td>com.volvo.testngtutorials.Testng_Ex7_Exceptions@5622fdf</td></tr>
<tr>
<td title='com.volvo.testngtutorials.Testng_Ex4_Annotations.test5()'><b>test5</b><br>Test class: com.volvo.testngtutorials.Testng_Ex4_Annotations</td>
<td></td>
<td>0</td>
<td>com.volvo.testngtutorials.Testng_Ex4_Annotations@6a41eaa2</td></tr>
</table><p>
<table width='100%' border='1' class='invocation-skipped'>
<tr><td colspan='4' align='center'><b>SKIPPED TESTS</b></td></tr>
<tr><td><b>Test method</b></td>
<td width="30%"><b>Exception</b></td>
<td width="10%"><b>Time (seconds)</b></td>
<td><b>Instance</b></td>
</tr>
<tr>
<td title='com.volvo.testngtutorials.Testng_Ex5.SearchPageTest()'><b>SearchPageTest</b><br>Test class: com.volvo.testngtutorials.Testng_Ex5</td>
<td><div><pre>java.lang.Throwable: Method Testng_Ex5.SearchPageTest()[pri:0, instance:com.volvo.testngtutorials.Testng_Ex5@4883b407] depends on not successfully finished methods
... Removed 18 stack frames</pre></div><a href='#' onClick='toggleBox("stack-trace1730173572", this, "Click to show all stack frames", "Click to hide stack frames")'>Click to show all stack frames</a>
<div class='stack-trace' id='stack-trace1730173572'><pre>java.lang.Throwable: Method Testng_Ex5.SearchPageTest()[pri:0, instance:com.volvo.testngtutorials.Testng_Ex5@4883b407] depends on not successfully finished methods
	at org.testng.internal.Invoker.invokeTestMethods(Invoker.java:1028)
	at org.testng.internal.TestMethodWorker.invokeTestMethods(TestMethodWorker.java:129)
	at org.testng.internal.TestMethodWorker.run(TestMethodWorker.java:112)
	at org.testng.TestRunner.privateRun(TestRunner.java:753)
	at org.testng.TestRunner.run(TestRunner.java:607)
	at org.testng.SuiteRunner.runTest(SuiteRunner.java:368)
	at org.testng.SuiteRunner.runSequentially(SuiteRunner.java:363)
	at org.testng.SuiteRunner.privateRun(SuiteRunner.java:321)
	at org.testng.SuiteRunner.run(SuiteRunner.java:270)
	at org.testng.SuiteRunnerWorker.runSuite(SuiteRunnerWorker.java:52)
	at org.testng.SuiteRunnerWorker.run(SuiteRunnerWorker.java:86)
	at org.testng.TestNG.runSuitesSequentially(TestNG.java:1284)
	at org.testng.TestNG.runSuitesLocally(TestNG.java:1209)
	at org.testng.TestNG.runSuites(TestNG.java:1124)
	at org.testng.TestNG.run(TestNG.java:1096)
	at org.testng.remote.AbstractRemoteTestNG.run(AbstractRemoteTestNG.java:132)
	at org.testng.remote.RemoteTestNG.initAndRun(RemoteTestNG.java:236)
	at org.testng.remote.RemoteTestNG.main(RemoteTestNG.java:81)
</pre></div></td>
<td>0</td>
<td>null</td></tr>
<tr>
<td title='com.volvo.testngtutorials.Testng_Ex5.homePageTest()'><b>homePageTest</b><br>Test class: com.volvo.testngtutorials.Testng_Ex5</td>
<td><div><pre>java.lang.Throwable: Method Testng_Ex5.homePageTest()[pri:0, instance:com.volvo.testngtutorials.Testng_Ex5@4883b407] depends on not successfully finished methods
... Removed 18 stack frames</pre></div><a href='#' onClick='toggleBox("stack-trace1568059495", this, "Click to show all stack frames", "Click to hide stack frames")'>Click to show all stack frames</a>
<div class='stack-trace' id='stack-trace1568059495'><pre>java.lang.Throwable: Method Testng_Ex5.homePageTest()[pri:0, instance:com.volvo.testngtutorials.Testng_Ex5@4883b407] depends on not successfully finished methods
	at org.testng.internal.Invoker.invokeTestMethods(Invoker.java:1028)
	at org.testng.internal.TestMethodWorker.invokeTestMethods(TestMethodWorker.java:129)
	at org.testng.internal.TestMethodWorker.run(TestMethodWorker.java:112)
	at org.testng.TestRunner.privateRun(TestRunner.java:753)
	at org.testng.TestRunner.run(TestRunner.java:607)
	at org.testng.SuiteRunner.runTest(SuiteRunner.java:368)
	at org.testng.SuiteRunner.runSequentially(SuiteRunner.java:363)
	at org.testng.SuiteRunner.privateRun(SuiteRunner.java:321)
	at org.testng.SuiteRunner.run(SuiteRunner.java:270)
	at org.testng.SuiteRunnerWorker.runSuite(SuiteRunnerWorker.java:52)
	at org.testng.SuiteRunnerWorker.run(SuiteRunnerWorker.java:86)
	at org.testng.TestNG.runSuitesSequentially(TestNG.java:1284)
	at org.testng.TestNG.runSuitesLocally(TestNG.java:1209)
	at org.testng.TestNG.runSuites(TestNG.java:1124)
	at org.testng.TestNG.run(TestNG.java:1096)
	at org.testng.remote.AbstractRemoteTestNG.run(AbstractRemoteTestNG.java:132)
	at org.testng.remote.RemoteTestNG.initAndRun(RemoteTestNG.java:236)
	at org.testng.remote.RemoteTestNG.main(RemoteTestNG.java:81)
</pre></div></td>
<td>0</td>
<td>null</td></tr>
<tr>
<td title='com.volvo.testngtutorials.Testng_Ex5.registerPageTest()'><b>registerPageTest</b><br>Test class: com.volvo.testngtutorials.Testng_Ex5</td>
<td><div><pre>java.lang.Throwable: Method Testng_Ex5.registerPageTest()[pri:0, instance:com.volvo.testngtutorials.Testng_Ex5@4883b407] depends on not successfully finished methods
... Removed 18 stack frames</pre></div><a href='#' onClick='toggleBox("stack-trace1325808650", this, "Click to show all stack frames", "Click to hide stack frames")'>Click to show all stack frames</a>
<div class='stack-trace' id='stack-trace1325808650'><pre>java.lang.Throwable: Method Testng_Ex5.registerPageTest()[pri:0, instance:com.volvo.testngtutorials.Testng_Ex5@4883b407] depends on not successfully finished methods
	at org.testng.internal.Invoker.invokeTestMethods(Invoker.java:1028)
	at org.testng.internal.TestMethodWorker.invokeTestMethods(TestMethodWorker.java:129)
	at org.testng.internal.TestMethodWorker.run(TestMethodWorker.java:112)
	at org.testng.TestRunner.privateRun(TestRunner.java:753)
	at org.testng.TestRunner.run(TestRunner.java:607)
	at org.testng.SuiteRunner.runTest(SuiteRunner.java:368)
	at org.testng.SuiteRunner.runSequentially(SuiteRunner.java:363)
	at org.testng.SuiteRunner.privateRun(SuiteRunner.java:321)
	at org.testng.SuiteRunner.run(SuiteRunner.java:270)
	at org.testng.SuiteRunnerWorker.runSuite(SuiteRunnerWorker.java:52)
	at org.testng.SuiteRunnerWorker.run(SuiteRunnerWorker.java:86)
	at org.testng.TestNG.runSuitesSequentially(TestNG.java:1284)
	at org.testng.TestNG.runSuitesLocally(TestNG.java:1209)
	at org.testng.TestNG.runSuites(TestNG.java:1124)
	at org.testng.TestNG.run(TestNG.java:1096)
	at org.testng.remote.AbstractRemoteTestNG.run(AbstractRemoteTestNG.java:132)
	at org.testng.remote.RemoteTestNG.initAndRun(RemoteTestNG.java:236)
	at org.testng.remote.RemoteTestNG.main(RemoteTestNG.java:81)
</pre></div></td>
<td>0</td>
<td>null</td></tr>
</table><p>
</body>
</html>